生成启动时间为 2018/1/18 13:37:20。
     1>项目“D:\vrlab\HoverDetection\HoverDetection_single_target\HoverDetection_integration\HoverDetection_integration\HoverDetection_integration.vcxproj”在节点 2 上(Build 个目标)。
     1>ClCompile:
         C:\Program Files (x86)\Microsoft Visual Studio 12.0\VC\bin\CL.exe /c /Zi /nologo /W3 /WX- /sdl /Od /Oi /Oy- /GL /D WIN32 /D NDEBUG /D _CONSOLE /D _LIB /D _CRT_SECURE_NO_WARNINGS /D _UNICODE /D UNICODE /Gm- /EHsc /MD /GS /Gy /fp:precise /Zc:wchar_t /Zc:forScope /Fo"Release\\" /Fd"Release\vc120.pdb" /Gd /TP /analyze- /errorReport:prompt source.cpp
         source.cpp
     1>D:\opencv3.2\build\include\opencv2/core/mat.hpp(2586): warning C4819: 该文件包含不能在当前代码页(936)中表示的字符。请将该文件保存为 Unicode 格式以防止数据丢失
     1>D:\opencv3.2\build\include\opencv2/core/persistence.hpp : warning C4819: 该文件包含不能在当前代码页(936)中表示的字符。请将该文件保存为 Unicode 格式以防止数据丢失
     1>D:\opencv3.2\build\include\opencv2/core/utility.hpp : warning C4819: 该文件包含不能在当前代码页(936)中表示的字符。请将该文件保存为 Unicode 格式以防止数据丢失
     1>D:\opencv3.2\build\include\opencv2\imgproc.hpp(592): warning C4819: 该文件包含不能在当前代码页(936)中表示的字符。请将该文件保存为 Unicode 格式以防止数据丢失
       Link:
         C:\Program Files (x86)\Microsoft Visual Studio 12.0\VC\bin\link.exe /ERRORREPORT:PROMPT /OUT:"D:\vrlab\HoverDetection\HoverDetection_single_target\HoverDetection_integration\Release\HoverDetection_integration.exe" /INCREMENTAL:NO /NOLOGO opencv_calib3d320.lib opencv_core320.lib opencv_features2d320.lib opencv_flann320.lib opencv_highgui320.lib opencv_imgcodecs320.lib opencv_imgproc320.lib opencv_ml320.lib opencv_objdetect320.lib opencv_photo320.lib opencv_shape320.lib opencv_stitching320.lib opencv_superres320.lib opencv_ts320.lib opencv_video320.lib opencv_videoio320.lib opencv_videostab320.lib kernel32.lib user32.lib gdi32.lib winspool.lib comdlg32.lib advapi32.lib shell32.lib ole32.lib oleaut32.lib uuid.lib odbc32.lib odbccp32.lib /MANIFEST /MANIFESTUAC:"level='asInvoker' uiAccess='false'" /manifest:embed /DEBUG /PDB:"D:\vrlab\HoverDetection\HoverDetection_single_target\HoverDetection_integration\Release\HoverDetection_integration.pdb" /SUBSYSTEM:CONSOLE /OPT:REF /OPT:ICF /LTCG /TLBID:1 /DYNAMICBASE /NXCOMPAT /IMPLIB:"D:\vrlab\HoverDetection\HoverDetection_single_target\HoverDetection_integration\Release\HoverDetection_integration.lib" /MACHINE:X86 /SAFESEH Release\config.obj
         Release\VideoProcess.obj
         Release\HoverDetection.obj
         Release\source.obj
         Release\tinystr.obj
         Release\tinyxml.obj
         Release\tinyxmlerror.obj
         Release\tinyxmlparser.obj
         Release\myTools.obj
         Release\Vibe.obj
         正在生成代码
         已完成代码的生成
         HoverDetection_integration.vcxproj -> D:\vrlab\HoverDetection\HoverDetection_single_target\HoverDetection_integration\Release\HoverDetection_integration.exe
     1>已完成生成项目“D:\vrlab\HoverDetection\HoverDetection_single_target\HoverDetection_integration\HoverDetection_integration\HoverDetection_integration.vcxproj”(Build 个目标)的操作。

生成成功。

已用时间 00:00:02.07
